[2024-11-24 08:01:00] INFO: Generated session identifier: SESSION-1-TCAIKDKXQNEYF for controller: 00:14:22:01:23:45
[2024-11-24 08:01:13] INFO: New door register created for parking ID 1 with type 1.
[2024-11-24 08:01:13] INFO: New history entry created for ticket ID 11 and parking ID 1.
[2024-11-24 09:21:07] FAIL: Unable to proceed with session request: Controller does not exist
[2024-11-24 09:21:07] FAIL: Unable to proceed with session request: Controller does not exist
[2024-11-24 09:21:07] FAIL: Unable to proceed with session request: Controller does not exist
[2024-11-24 09:21:07] FAIL: Unable to proceed with session request: Controller does not exist
[2024-11-24 09:21:07] FAIL: Unable to proceed with session request: Controller does not exist
[2024-11-24 09:21:07] FAIL: Unable to proceed with session request: Controller does not exist
[2024-11-24 09:21:07] FAIL: Unable to proceed with session request: Controller does not exist
[2024-11-24 09:21:07] FAIL: Unable to proceed with session request: Controller does not exist
[2024-11-24 09:21:07] FAIL: Unable to proceed with session request: Controller does not exist
[2024-11-24 09:21:08] FAIL: Unable to proceed with session request: Controller does not exist
[2024-11-24 09:21:08] FAIL: Unable to proceed with session request: Controller does not exist
[2024-11-24 09:21:08] FAIL: Unable to proceed with session request: Controller does not exist
[2024-11-24 09:21:08] FAIL: Unable to proceed with session request: Controller does not exist
[2024-11-24 09:21:08] FAIL: Unable to proceed with session request: Controller does not exist
[2024-11-24 09:21:08] FAIL: Unable to proceed with session request: Controller does not exist
[2024-11-24 09:21:08] FAIL: Unable to proceed with session request: Controller does not exist
[2024-11-24 09:21:08] FAIL: Unable to proceed with session request: Controller does not exist
[2024-11-24 09:21:08] FAIL: Unable to proceed with session request: Controller does not exist
[2024-11-24 09:21:08] FAIL: Unable to proceed with session request: Controller does not exist
[2024-11-24 09:21:08] FAIL: Unable to proceed with session request: Controller does not exist
[2024-11-24 09:21:08] FAIL: Unable to proceed with session request: Controller does not exist
[2024-11-24 09:21:08] FAIL: Unable to proceed with session request: Controller does not exist
[2024-11-24 09:21:08] FAIL: Unable to proceed with session request: Controller does not exist
[2024-11-24 09:21:08] FAIL: Unable to proceed with session request: Controller does not exist
[2024-11-24 09:21:08] FAIL: Unable to proceed with session request: Controller does not exist
[2024-11-24 09:21:08] FAIL: Unable to proceed with session request: Controller does not exist
[2024-11-24 09:21:08] FAIL: Unable to proceed with session request: Controller does not exist
[2024-11-24 09:21:08] FAIL: Unable to proceed with session request: Controller does not exist
[2024-11-24 09:21:08] FAIL: Unable to proceed with session request: Controller does not exist
[2024-11-24 09:21:08] FAIL: Unable to proceed with session request: Controller does not exist
[2024-11-24 09:21:08] FAIL: Unable to proceed with session request: Controller does not exist
[2024-11-24 09:21:08] FAIL: Unable to proceed with session request: Controller does not exist
[2024-11-24 09:21:08] FAIL: Unable to proceed with session request: Controller does not exist
[2024-11-24 09:21:08] FAIL: Unable to proceed with session request: Controller does not exist
[2024-11-24 09:21:08] FAIL: Unable to proceed with session request: Controller does not exist
[2024-11-24 09:21:08] FAIL: Unable to proceed with session request: Controller does not exist
[2024-11-24 09:21:08] FAIL: Unable to proceed with session request: Controller does not exist
[2024-11-24 09:21:08] FAIL: Unable to proceed with session request: Controller does not exist
[2024-11-24 09:21:08] FAIL: Unable to proceed with session request: Controller does not exist
[2024-11-24 09:21:09] FAIL: Unable to proceed with session request: Controller does not exist
[2024-11-24 09:21:09] FAIL: Unable to proceed with session request: Controller does not exist
[2024-11-24 09:21:09] FAIL: Unable to proceed with session request: Controller does not exist
[2024-11-24 09:21:09] FAIL: Unable to proceed with session request: Controller does not exist
[2024-11-24 09:21:09] FAIL: Unable to proceed with session request: Controller does not exist
[2024-11-24 09:21:09] FAIL: Unable to proceed with session request: Controller does not exist
[2024-11-24 09:21:09] FAIL: Unable to proceed with session request: Controller does not exist
[2024-11-24 09:21:09] FAIL: Unable to proceed with session request: Controller does not exist
[2024-11-24 09:21:09] FAIL: Unable to proceed with session request: Controller does not exist
[2024-11-24 09:21:09] FAIL: Unable to proceed with session request: Controller does not exist
[2024-11-24 09:21:09] FAIL: Unable to proceed with session request: Controller does not exist
[2024-11-24 09:21:09] FAIL: Unable to proceed with session request: Controller does not exist
[2024-11-24 09:21:09] FAIL: Unable to proceed with session request: Controller does not exist
[2024-11-24 09:21:09] FAIL: Unable to proceed with session request: Controller does not exist
[2024-11-24 09:21:09] FAIL: Unable to proceed with session request: Controller does not exist
[2024-11-24 09:21:09] FAIL: Unable to proceed with session request: Controller does not exist
[2024-11-24 09:21:09] FAIL: Unable to proceed with session request: Controller does not exist
[2024-11-24 09:21:09] FAIL: Unable to proceed with session request: Controller does not exist
[2024-11-24 09:21:09] FAIL: Unable to proceed with session request: Controller does not exist
[2024-11-24 09:21:09] FAIL: Unable to proceed with session request: Controller does not exist
[2024-11-24 09:21:09] FAIL: Unable to proceed with session request: Controller does not exist
[2024-11-24 09:21:09] FAIL: Unable to proceed with session request: Controller does not exist
[2024-11-24 09:21:09] FAIL: Unable to proceed with session request: Controller does not exist
[2024-11-24 09:21:09] FAIL: Unable to proceed with session request: Controller does not exist
[2024-11-24 09:21:09] FAIL: Unable to proceed with session request: Controller does not exist
[2024-11-24 09:21:09] FAIL: Unable to proceed with session request: Controller does not exist
[2024-11-24 09:21:09] FAIL: Unable to proceed with session request: Controller does not exist
[2024-11-24 09:21:09] FAIL: Unable to proceed with session request: Controller does not exist
[2024-11-24 09:21:09] FAIL: Unable to proceed with session request: Controller does not exist
[2024-11-24 09:21:09] FAIL: Unable to proceed with session request: Controller does not exist
[2024-11-24 09:21:09] FAIL: Unable to proceed with session request: Controller does not exist
[2024-11-24 09:21:09] FAIL: Unable to proceed with session request: Controller does not exist
[2024-11-24 09:21:09] FAIL: Unable to proceed with session request: Controller does not exist
[2024-11-24 09:21:09] FAIL: Unable to proceed with session request: Controller does not exist
[2024-11-24 09:21:09] FAIL: Unable to proceed with session request: Controller does not exist
[2024-11-24 09:21:09] FAIL: Unable to proceed with session request: Controller does not exist
[2024-11-24 09:21:09] FAIL: Unable to proceed with session request: Controller does not exist
[2024-11-24 09:21:09] FAIL: Unable to proceed with session request: Controller does not exist
[2024-11-24 09:21:10] FAIL: Unable to proceed with session request: Controller does not exist
[2024-11-24 09:21:10] FAIL: Unable to proceed with session request: Controller does not exist
[2024-11-24 09:21:10] FAIL: Unable to proceed with session request: Controller does not exist
[2024-11-24 09:21:10] FAIL: Unable to proceed with session request: Controller does not exist
[2024-11-24 09:21:10] FAIL: Unable to proceed with session request: Controller does not exist
[2024-11-24 09:21:10] FAIL: Unable to proceed with session request: Controller does not exist
[2024-11-24 09:21:10] FAIL: Unable to proceed with session request: Controller does not exist
[2024-11-24 09:21:10] FAIL: Unable to proceed with session request: Controller does not exist
[2024-11-24 09:21:10] FAIL: Unable to proceed with session request: Controller does not exist
[2024-11-24 09:21:10] FAIL: Unable to proceed with session request: Controller does not exist
[2024-11-24 09:21:10] FAIL: Unable to proceed with session request: Controller does not exist
[2024-11-24 09:21:10] FAIL: Unable to proceed with session request: Controller does not exist
[2024-11-24 09:21:10] FAIL: Unable to proceed with session request: Controller does not exist
[2024-11-24 09:21:10] FAIL: Unable to proceed with session request: Controller does not exist
[2024-11-24 09:21:10] FAIL: Unable to proceed with session request: Controller does not exist
[2024-11-24 09:21:10] FAIL: Unable to proceed with session request: Controller does not exist
[2024-11-24 09:21:10] FAIL: Unable to proceed with session request: Controller does not exist
[2024-11-24 09:21:10] FAIL: Unable to proceed with session request: Controller does not exist
[2024-11-24 09:21:10] FAIL: Unable to proceed with session request: Controller does not exist
[2024-11-24 09:21:10] FAIL: Unable to proceed with session request: Controller does not exist
[2024-11-24 09:21:10] FAIL: Unable to proceed with session request: Controller does not exist
[2024-11-24 09:21:10] FAIL: Unable to proceed with session request: Controller does not exist
[2024-11-24 09:21:10] FAIL: Unable to proceed with session request: Controller does not exist
[2024-11-24 09:21:10] FAIL: Unable to proceed with session request: Controller does not exist
[2024-11-24 09:21:10] FAIL: Unable to proceed with session request: Controller does not exist
[2024-11-24 09:21:10] FAIL: Unable to proceed with session request: Controller does not exist
[2024-11-24 09:21:10] FAIL: Unable to proceed with session request: Controller does not exist
[2024-11-24 09:21:10] FAIL: Unable to proceed with session request: Controller does not exist
[2024-11-24 09:21:10] FAIL: Unable to proceed with session request: Controller does not exist
[2024-11-24 09:21:10] FAIL: Unable to proceed with session request: Controller does not exist
[2024-11-24 09:21:10] FAIL: Unable to proceed with session request: Controller does not exist
[2024-11-24 09:21:10] FAIL: Unable to proceed with session request: Controller does not exist
[2024-11-24 09:21:10] FAIL: Unable to proceed with session request: Controller does not exist
[2024-11-24 09:21:10] FAIL: Unable to proceed with session request: Controller does not exist
[2024-11-24 09:21:10] FAIL: Unable to proceed with session request: Controller does not exist
[2024-11-24 09:21:10] FAIL: Unable to proceed with session request: Controller does not exist
[2024-11-24 09:21:10] FAIL: Unable to proceed with session request: Controller does not exist
[2024-11-24 09:24:36] INFO: Generated session identifier: SESSION-5-WRLOHORMZAYLZCXQPMME for controller: 00:14:22:01:23:45
[2024-11-24 09:25:04] INFO: New door register created for parking ID 5 with type 1.
[2024-11-24 09:25:04] INFO: New history entry created for ticket ID 22 and parking ID 5.
[2024-11-24 09:26:23] INFO: New door register created for parking ID 5 with type 1.
[2024-11-24 09:26:23] INFO: New history entry created for ticket ID 23 and parking ID 5.
[2024-11-24 09:29:36] INFO: Generated session identifier: SESSION-1-ODCBYIRNSONB for controller: 00:14:22:01:23:45
[2024-11-24 09:30:53] INFO: New door register created for parking ID 1 with type 2.
[2024-11-24 09:30:53] INFO: New history entry created for ticket ID 11 and parking ID 1.
[2024-11-24 09:31:11] INFO: New door register created for parking ID 1 with type 1.
[2024-11-24 09:31:11] INFO: New history entry created for ticket ID 11 and parking ID 1.
[2024-11-24 09:32:05] INFO: Generated session identifier: SESSION-5-PWHFFLEBIVSFNFHERZ for controller: 00:14:22:01:23:45
[2024-11-24 09:32:14] INFO: New door register created for parking ID 5 with type 1.
[2024-11-24 09:32:14] INFO: New history entry created for ticket ID 24 and parking ID 5.
[2024-11-24 09:36:15] FAIL: Unable to proceed with session request: parking_id in request is null.
[2024-11-24 09:36:18] FAIL: Unable to proceed with session request: parking_id in request is null.
[2024-11-24 09:36:28] FAIL: Unable to proceed with session request: parking_id in request is null.
[2024-11-24 09:36:38] FAIL: Unable to proceed with session request: parking_id in request is null.
[2024-11-24 09:36:48] FAIL: Unable to proceed with session request: parking_id in request is null.
[2024-11-24 09:36:58] FAIL: Unable to proceed with session request: parking_id in request is null.
[2024-11-24 09:37:08] FAIL: Unable to proceed with session request: parking_id in request is null.
[2024-11-24 09:37:18] FAIL: Unable to proceed with session request: parking_id in request is null.
[2024-11-24 09:37:28] FAIL: Unable to proceed with session request: parking_id in request is null.
[2024-11-24 09:37:38] FAIL: Unable to proceed with session request: parking_id in request is null.
[2024-11-24 09:37:41] FAIL: Unable to proceed with session request: parking_id in request is null.
[2024-11-24 09:37:50] FAIL: Unable to proceed with session request: parking_id in request is null.
[2024-11-24 09:38:00] FAIL: Unable to proceed with session request: parking_id in request is null.
[2024-11-24 09:38:10] FAIL: Unable to proceed with session request: parking_id in request is null.
[2024-11-24 09:38:20] FAIL: Unable to proceed with session request: parking_id in request is null.
[2024-11-24 09:38:30] FAIL: Unable to proceed with session request: parking_id in request is null.
[2024-11-24 09:38:40] FAIL: Unable to proceed with session request: parking_id in request is null.
